<?xml version="1.0" encoding="UTF-8"?>
<!-- Generated by org.testng.reporters.JUnitXMLReporter -->
<testsuite hostname="DESKTOP-VPH8URN" ignored="3" name="Default test" tests="2" failures="0" timestamp="25 Jul 2018 15:37:22 GMT" time="0.093" errors="0">
  <testcase name="d3test" time="0.023" classname="com.java.hibercrud.Dtest">
    <skipped/>
  </testcase> <!-- d3test -->
  <testcase name="d3test" time="0.003" classname="com.java.hibercrud.Dtest"/>
  <testcase name="d2test" time="0.0" classname="com.java.hibercrud.Dtest">
    <ignored/>
  </testcase> <!-- d2test -->
  <testcase name="d4test" time="0.0" classname="com.java.hibercrud.Dtest">
    <ignored/>
  </testcase> <!-- d4test -->
  <testcase name="d5test" time="0.0" classname="com.java.hibercrud.Dtest">
    <ignored/>
  </testcase> <!-- d5test -->
</testsuite> <!-- Default test -->
