<?xml version="1.0" encoding="UTF-8"?>
<!-- Generated by org.testng.reporters.JUnitXMLReporter -->
<testsuite hostname="DESKTOP-VPH8URN" ignored="0" name="Default test" tests="7" failures="0" timestamp="22 Jul 2018 14:50:40 GMT" time="26.223" errors="0">
  <testcase name="performLogin" time="24.782" classname="com.java.hibercrud.PerformLoginTest"/>
  <testcase name="performLogin" time="0.109" classname="com.java.hibercrud.PerformLoginTest"/>
  <testcase name="performLogin" time="0.121" classname="com.java.hibercrud.PerformLoginTest"/>
  <testcase name="performLogin" time="0.01" classname="com.java.hibercrud.PerformLoginTest"/>
  <testcase name="performLogin" time="0.002" classname="com.java.hibercrud.PerformLoginTest"/>
  <testcase name="performLogin" time="0.001" classname="com.java.hibercrud.PerformLoginTest"/>
  <testcase name="performLogin" time="0.001" classname="com.java.hibercrud.PerformLoginTest"/>
</testsuite> <!-- Default test -->
