<?xml version="1.0" encoding="UTF-8"?>
<!-- Generated by org.testng.reporters.JUnitXMLReporter -->
<testsuite hostname="DESKTOP-VPH8URN" ignored="1" name="Test" tests="18" failures="0" timestamp="20 Jul 2018 12:38:06 GMT" time="0.13" errors="0">
  <testcase name="c1test" time="0.016" classname="com.java.hibercrud.CTest"/>
  <testcase name="c2test" time="0.0" classname="com.java.hibercrud.CTest"/>
  <testcase name="c3test" time="0.018" classname="com.java.hibercrud.CTest"/>
  <testcase name="c4test" time="0.0" classname="com.java.hibercrud.CTest"/>
  <testcase name="c5test" time="0.0" classname="com.java.hibercrud.CTest"/>
  <testcase name="b1test" time="0.0" classname="com.java.hibercrud.BTest"/>
  <testcase name="b2test" time="0.0" classname="com.java.hibercrud.BTest"/>
  <testcase name="b3test" time="0.0" classname="com.java.hibercrud.BTest"/>
  <testcase name="b4test" time="0.016" classname="com.java.hibercrud.BTest"/>
  <testcase name="b5test" time="0.0" classname="com.java.hibercrud.BTest"/>
  <testcase name="d2test" time="0.0" classname="com.java.hibercrud.Dtest"/>
  <testcase name="d3test" time="0.0" classname="com.java.hibercrud.Dtest"/>
  <testcase name="d4test" time="0.0" classname="com.java.hibercrud.Dtest"/>
  <testcase name="d5test" time="0.0" classname="com.java.hibercrud.Dtest"/>
  <testcase name="a4test" time="0.0" classname="com.java.hibercrud.ATest"/>
  <testcase name="a3test" time="0.0" classname="com.java.hibercrud.ATest"/>
  <testcase name="a2test" time="0.0" classname="com.java.hibercrud.ATest"/>
  <testcase name="a1test" time="0.0" classname="com.java.hibercrud.ATest"/>
  <testcase name="performLogin" time="0.0" classname="com.java.hibercrud.PerformLoginTest">
    <ignored/>
  </testcase> <!-- performLogin -->
</testsuite> <!-- Test -->
