<?xml version="1.0" encoding="UTF-8"?>
<!-- Generated by org.testng.reporters.JUnitXMLReporter -->
<testsuite hostname="DESKTOP-VPH8URN" ignored="14" name="GRP-A" tests="6" failures="0" timestamp="20 Jul 2018 12:28:24 GMT" time="0.145" errors="0">
  <testcase name="c4test" time="0.031" classname="com.java.hibercrud.CTest"/>
  <testcase name="a1test" time="0.0" classname="com.java.hibercrud.ATest"/>
  <testcase name="a4test" time="0.0" classname="com.java.hibercrud.ATest"/>
  <testcase name="b2test" time="0.0" classname="com.java.hibercrud.BTest"/>
  <testcase name="b5test" time="0.0" classname="com.java.hibercrud.BTest"/>
  <testcase name="d2test" time="0.0" classname="com.java.hibercrud.Dtest"/>
  <testcase name="c1test" time="0.0" classname="com.java.hibercrud.CTest">
    <ignored/>
  </testcase> <!-- c1test -->
  <testcase name="a2test" time="0.0" classname="com.java.hibercrud.ATest">
    <ignored/>
  </testcase> <!-- a2test -->
  <testcase name="d4test" time="0.0" classname="com.java.hibercrud.Dtest">
    <ignored/>
  </testcase> <!-- d4test -->
  <testcase name="b4test" time="0.0" classname="com.java.hibercrud.BTest">
    <ignored/>
  </testcase> <!-- b4test -->
  <testcase name="c5test" time="0.0" classname="com.java.hibercrud.CTest">
    <ignored/>
  </testcase> <!-- c5test -->
  <testcase name="b1test" time="0.0" classname="com.java.hibercrud.BTest">
    <ignored/>
  </testcase> <!-- b1test -->
  <testcase name="d1test" time="0.0" classname="com.java.hibercrud.Dtest">
    <ignored/>
  </testcase> <!-- d1test -->
  <testcase name="c3test" time="0.0" classname="com.java.hibercrud.CTest">
    <ignored/>
  </testcase> <!-- c3test -->
  <testcase name="b3test" time="0.0" classname="com.java.hibercrud.BTest">
    <ignored/>
  </testcase> <!-- b3test -->
  <testcase name="a3test" time="0.0" classname="com.java.hibercrud.ATest">
    <ignored/>
  </testcase> <!-- a3test -->
  <testcase name="d3test" time="0.0" classname="com.java.hibercrud.Dtest">
    <ignored/>
  </testcase> <!-- d3test -->
  <testcase name="d5test" time="0.0" classname="com.java.hibercrud.Dtest">
    <ignored/>
  </testcase> <!-- d5test -->
  <testcase name="c2test" time="0.0" classname="com.java.hibercrud.CTest">
    <ignored/>
  </testcase> <!-- c2test -->
  <testcase name="a5test" time="0.0" classname="com.java.hibercrud.ATest">
    <ignored/>
  </testcase> <!-- a5test -->
</testsuite> <!-- GRP-A -->
