<?xml version="1.0" encoding="UTF-8"?>
<testng-results skipped="0" failed="0" ignored="0" total="7" passed="7">
  <reporter-output>
  </reporter-output>
  <suite name="Default suite" duration-ms="26223" started-at="2018-07-22T14:50:13Z" finished-at="2018-07-22T14:50:40Z">
    <groups>
    </groups>
    <test name="Default test" duration-ms="26223" started-at="2018-07-22T14:50:13Z" finished-at="2018-07-22T14:50:40Z">
      <class name="com.java.hibercrud.PerformLoginTest">
        <test-method status="PASS" signature="performLogin(java.lang.String, java.lang.String, java.lang.String)[pri:0, instance:com.java.hibercrud.PerformLoginTest@c285f4]" name="performLogin" duration-ms="24782" started-at="2018-07-22T14:50:15Z" data-provider="performLoginTest" finished-at="2018-07-22T14:50:39Z">
          <params>
            <param index="0">
              <value>
                <![CDATA[Admin]]>
              </value>
            </param>
            <param index="1">
              <value>
                <![CDATA[admin]]>
              </value>
            </param>
            <param index="2">
              <value>
                <![CDATA[Login Succesful]]>
              </value>
            </param>
          </params>
          <reporter-output>
          </reporter-output>
        </test-method> <!-- performLogin -->
        <test-method status="PASS" signature="performLogin(java.lang.String, java.lang.String, java.lang.String)[pri:0, instance:com.java.hibercrud.PerformLoginTest@c285f4]" name="performLogin" duration-ms="109" started-at="2018-07-22T14:50:39Z" data-provider="performLoginTest" finished-at="2018-07-22T14:50:39Z">
          <params>
            <param index="0">
              <value>
                <![CDATA[user]]>
              </value>
            </param>
            <param index="1">
              <value>
                <![CDATA[user123]]>
              </value>
            </param>
            <param index="2">
              <value>
                <![CDATA[Login Succesful]]>
              </value>
            </param>
          </params>
          <reporter-output>
          </reporter-output>
        </test-method> <!-- performLogin -->
        <test-method status="PASS" signature="performLogin(java.lang.String, java.lang.String, java.lang.String)[pri:0, instance:com.java.hibercrud.PerformLoginTest@c285f4]" name="performLogin" duration-ms="121" started-at="2018-07-22T14:50:39Z" data-provider="performLoginTest" finished-at="2018-07-22T14:50:40Z">
          <params>
            <param index="0">
              <value>
                <![CDATA[admin]]>
              </value>
            </param>
            <param index="1">
              <value>
                <![CDATA[admin]]>
              </value>
            </param>
            <param index="2">
              <value>
                <![CDATA[Please enter correct username!!]]>
              </value>
            </param>
          </params>
          <reporter-output>
          </reporter-output>
        </test-method> <!-- performLogin -->
        <test-method status="PASS" signature="performLogin(java.lang.String, java.lang.String, java.lang.String)[pri:0, instance:com.java.hibercrud.PerformLoginTest@c285f4]" name="performLogin" duration-ms="10" started-at="2018-07-22T14:50:40Z" data-provider="performLoginTest" finished-at="2018-07-22T14:50:40Z">
          <params>
            <param index="0">
              <value>
                <![CDATA[Admin]]>
              </value>
            </param>
            <param index="1">
              <value>
                <![CDATA[user123]]>
              </value>
            </param>
            <param index="2">
              <value>
                <![CDATA[Please enter correct password!!]]>
              </value>
            </param>
          </params>
          <reporter-output>
          </reporter-output>
        </test-method> <!-- performLogin -->
        <test-method status="PASS" signature="performLogin(java.lang.String, java.lang.String, java.lang.String)[pri:0, instance:com.java.hibercrud.PerformLoginTest@c285f4]" name="performLogin" duration-ms="2" started-at="2018-07-22T14:50:40Z" data-provider="performLoginTest" finished-at="2018-07-22T14:50:40Z">
          <params>
            <param index="0">
              <value>
                <![CDATA[NA]]>
              </value>
            </param>
            <param index="1">
              <value>
                <![CDATA[1234a]]>
              </value>
            </param>
            <param index="2">
              <value>
                <![CDATA[Username can't be empty]]>
              </value>
            </param>
          </params>
          <reporter-output>
          </reporter-output>
        </test-method> <!-- performLogin -->
        <test-method status="PASS" signature="performLogin(java.lang.String, java.lang.String, java.lang.String)[pri:0, instance:com.java.hibercrud.PerformLoginTest@c285f4]" name="performLogin" duration-ms="1" started-at="2018-07-22T14:50:40Z" data-provider="performLoginTest" finished-at="2018-07-22T14:50:40Z">
          <params>
            <param index="0">
              <value>
                <![CDATA[Admin]]>
              </value>
            </param>
            <param index="1">
              <value>
                <![CDATA[NA]]>
              </value>
            </param>
            <param index="2">
              <value>
                <![CDATA[Password can't be empty]]>
              </value>
            </param>
          </params>
          <reporter-output>
          </reporter-output>
        </test-method> <!-- performLogin -->
        <test-method status="PASS" signature="performLogin(java.lang.String, java.lang.String, java.lang.String)[pri:0, instance:com.java.hibercrud.PerformLoginTest@c285f4]" name="performLogin" duration-ms="1" started-at="2018-07-22T14:50:40Z" data-provider="performLoginTest" finished-at="2018-07-22T14:50:40Z">
          <params>
            <param index="0">
              <value>
                <![CDATA[NA]]>
              </value>
            </param>
            <param index="1">
              <value>
                <![CDATA[NA]]>
              </value>
            </param>
            <param index="2">
              <value>
                <![CDATA[Username can't be empty]]>
              </value>
            </param>
          </params>
          <reporter-output>
          </reporter-output>
        </test-method> <!-- performLogin -->
      </class> <!-- com.java.hibercrud.PerformLoginTest -->
    </test> <!-- Default test -->
  </suite> <!-- Default suite -->
</testng-results>
